c:\users\pasradise\documents\visual studio 2017\projects\consoleapplication19\consoleapplication19\debug\consoleapplication19.pch
c:\users\pasradise\documents\visual studio 2017\projects\consoleapplication19\consoleapplication19\debug\vc141.pdb
c:\users\pasradise\documents\visual studio 2017\projects\consoleapplication19\consoleapplication19\debug\vc141.idb
c:\users\pasradise\documents\visual studio 2017\projects\consoleapplication19\consoleapplication19\debug\pch.obj
c:\users\pasradise\documents\visual studio 2017\projects\consoleapplication19\consoleapplication19\debug\consoleapplication19.obj
c:\users\pasradise\documents\visual studio 2017\projects\consoleapplication19\debug\consoleapplication19.pdb
c:\users\pasradise\documents\visual studio 2017\projects\consoleapplication19\consoleapplication19\debug\consolea.303c6025.tlog\cl.command.1.tlog
c:\users\pasradise\documents\visual studio 2017\projects\consoleapplication19\consoleapplication19\debug\consolea.303c6025.tlog\cl.read.1.tlog
c:\users\pasradise\documents\visual studio 2017\projects\consoleapplication19\consoleapplication19\debug\consolea.303c6025.tlog\cl.write.1.tlog
c:\users\pasradise\documents\visual studio 2017\projects\consoleapplication19\consoleapplication19\debug\consolea.303c6025.tlog\link-cvtres.read.1.tlog
c:\users\pasradise\documents\visual studio 2017\projects\consoleapplication19\consoleapplication19\debug\consolea.303c6025.tlog\link-cvtres.write.1.tlog
c:\users\pasradise\documents\visual studio 2017\projects\consoleapplication19\consoleapplication19\debug\consolea.303c6025.tlog\link-rc.read.1.tlog
c:\users\pasradise\documents\visual studio 2017\projects\consoleapplication19\consoleapplication19\debug\consolea.303c6025.tlog\link-rc.write.1.tlog
c:\users\pasradise\documents\visual studio 2017\projects\consoleapplication19\consoleapplication19\debug\consolea.303c6025.tlog\link.1024-cvtres.read.1.tlog
c:\users\pasradise\documents\visual studio 2017\projects\consoleapplication19\consoleapplication19\debug\consolea.303c6025.tlog\link.1024-cvtres.write.1.tlog
c:\users\pasradise\documents\visual studio 2017\projects\consoleapplication19\consoleapplication19\debug\consolea.303c6025.tlog\link.1024-rc.read.1.tlog
c:\users\pasradise\documents\visual studio 2017\projects\consoleapplication19\consoleapplication19\debug\consolea.303c6025.tlog\link.1024-rc.write.1.tlog
c:\users\pasradise\documents\visual studio 2017\projects\consoleapplication19\consoleapplication19\debug\consolea.303c6025.tlog\link.1024.read.1.tlog
c:\users\pasradise\documents\visual studio 2017\projects\consoleapplication19\consoleapplication19\debug\consolea.303c6025.tlog\link.1024.write.1.tlog
c:\users\pasradise\documents\visual studio 2017\projects\consoleapplication19\consoleapplication19\debug\consolea.303c6025.tlog\link.command.1.tlog
c:\users\pasradise\documents\visual studio 2017\projects\consoleapplication19\consoleapplication19\debug\consolea.303c6025.tlog\link.read.1.tlog
c:\users\pasradise\documents\visual studio 2017\projects\consoleapplication19\consoleapplication19\debug\consolea.303c6025.tlog\link.write.1.tlog
