c:\users\pasradise\documents\visual studio 2017\projects\consoleapplication4\consoleapplication4\debug\consoleapplication4.pch
c:\users\pasradise\documents\visual studio 2017\projects\consoleapplication4\consoleapplication4\debug\vc141.pdb
c:\users\pasradise\documents\visual studio 2017\projects\consoleapplication4\consoleapplication4\debug\vc141.idb
c:\users\pasradise\documents\visual studio 2017\projects\consoleapplication4\consoleapplication4\debug\pch.obj
c:\users\pasradise\documents\visual studio 2017\projects\consoleapplication4\debug\consoleapplication4.exe
c:\users\pasradise\documents\visual studio 2017\projects\consoleapplication4\debug\consoleapplication4.ilk
c:\users\pasradise\documents\visual studio 2017\projects\consoleapplication4\debug\consoleapplication4.pdb
f:\projects\consoleapplication4\consoleapplication4\debug\pch.obj
f:\projects\consoleapplication4\consoleapplication4\debug\consoleapplication4.pch
f:\projects\consoleapplication4\consoleapplication4\debug\vc141.idb
f:\projects\consoleapplication4\consoleapplication4\debug\vc141.pdb
f:\projects\consoleapplication4\debug\consoleapplication4.pdb
f:\projects\consoleapplication4\debug\consoleapplication4.exe
f:\projects\consoleapplication4\debug\consoleapplication4.ilk
f:\projects\consoleapplication4\consoleapplication4\debug\consolea.7294bfcf.tlog\cl.command.1.tlog
f:\projects\consoleapplication4\consoleapplication4\debug\consolea.7294bfcf.tlog\cl.read.1.tlog
f:\projects\consoleapplication4\consoleapplication4\debug\consolea.7294bfcf.tlog\cl.write.1.tlog
f:\projects\consoleapplication4\consoleapplication4\debug\consolea.7294bfcf.tlog\link.command.1.tlog
f:\projects\consoleapplication4\consoleapplication4\debug\consolea.7294bfcf.tlog\link.read.1.tlog
f:\projects\consoleapplication4\consoleapplication4\debug\consolea.7294bfcf.tlog\link.write.1.tlog
